2020-04-06 17:19:38 TRACE PerformanceMonitorInterceptor:66 - StopWatch 'com.pawan.choure.TestService.getOTCMarketsDummy': running time (millis) = 27
2020-04-06 17:19:38 TRACE PerformanceMonitorInterceptor:66 - StopWatch 'com.pawan.choure.CompositeService.getOTCMarkets': running time (millis) = 172
2020-04-06 17:19:38 TRACE PerformanceMonitorInterceptor:66 - StopWatch 'com.pawan.choure.CompositeService.getOTCMarkets': running time (millis) = 2
2020-04-06 17:19:38 TRACE PerformanceMonitorInterceptor:66 - StopWatch 'com.pawan.choure.TestService.getOTCMarketsDummy': running time (millis) = 0
2020-04-06 17:19:38 TRACE PerformanceMonitorInterceptor:66 - StopWatch 'com.pawan.choure.CompositeService.getOTCMarkets': running time (millis) = 1
2020-05-06 10:12:30 TRACE PerformanceMonitorInterceptor:66 - StopWatch 'com.pawan.choure.TestService.getOTCMarketsDummy': running time (millis) = 5547
2020-05-06 10:12:31 TRACE PerformanceMonitorInterceptor:66 - StopWatch 'com.pawan.choure.CompositeService.getOTCMarkets': running time (millis) = 12214
2020-05-06 10:13:27 TRACE PerformanceMonitorInterceptor:66 - StopWatch 'com.pawan.choure.CompositeService.getOTCMarkets': running time (millis) = 4044
2020-05-06 10:15:17 TRACE PerformanceMonitorInterceptor:66 - StopWatch 'com.pawan.choure.TestService.getOTCMarketsDummy': running time (millis) = 1
2020-05-06 10:15:17 TRACE PerformanceMonitorInterceptor:66 - StopWatch 'com.pawan.choure.CompositeService.getOTCMarkets': running time (millis) = 7
2020-05-06 10:18:48 TRACE PerformanceMonitorInterceptor:66 - StopWatch 'com.pawan.choure.TestService.getOTCMarketsDummy': running time (millis) = 1222
2020-05-06 10:18:49 TRACE PerformanceMonitorInterceptor:66 - StopWatch 'com.pawan.choure.CompositeService.getOTCMarkets': running time (millis) = 6826
2020-05-06 10:19:07 TRACE PerformanceMonitorInterceptor:66 - StopWatch 'com.pawan.choure.CompositeService.clearOTCMarkets': running time (millis) = 12
2020-05-06 10:19:31 TRACE PerformanceMonitorInterceptor:66 - StopWatch 'com.pawan.choure.CompositeService.getOTCMarkets': running time (millis) = 3981
2020-05-06 10:20:01 TRACE PerformanceMonitorInterceptor:66 - StopWatch 'com.pawan.choure.TestService.getOTCMarketsDummy': running time (millis) = 0
2020-05-06 10:20:01 TRACE PerformanceMonitorInterceptor:66 - StopWatch 'com.pawan.choure.CompositeService.getOTCMarkets': running time (millis) = 6
2020-05-06 10:22:36 TRACE PerformanceMonitorInterceptor:66 - StopWatch 'com.pawan.choure.TestService.getOTCMarketsDummy': running time (millis) = 1360
2020-05-06 10:22:37 TRACE PerformanceMonitorInterceptor:66 - StopWatch 'com.pawan.choure.CompositeService.getOTCMarkets': running time (millis) = 4278
2020-05-06 10:23:40 TRACE PerformanceMonitorInterceptor:66 - StopWatch 'com.pawan.choure.CompositeService.clearOTCMarkets': running time (millis) = 2059
2020-05-06 10:24:37 TRACE PerformanceMonitorInterceptor:66 - StopWatch 'com.pawan.choure.TestService.getOTCMarketsDummy': running time (millis) = 0
2020-05-06 10:24:37 TRACE PerformanceMonitorInterceptor:66 - StopWatch 'com.pawan.choure.CompositeService.getOTCMarkets': running time (millis) = 8
2020-05-06 10:24:37 TRACE PerformanceMonitorInterceptor:66 - StopWatch 'com.pawan.choure.TestService.getOTCMarketsDummy': running time (millis) = 1
2020-05-06 10:24:37 TRACE PerformanceMonitorInterceptor:66 - StopWatch 'com.pawan.choure.CompositeService.getOTCMarkets': running time (millis) = 7
2020-05-06 10:24:59 TRACE PerformanceMonitorInterceptor:66 - StopWatch 'com.pawan.choure.TestService.getOTCMarketsDummy': running time (millis) = 1222
2020-05-06 10:24:59 TRACE PerformanceMonitorInterceptor:66 - StopWatch 'com.pawan.choure.CompositeService.getOTCMarkets': running time (millis) = 9676
2020-05-06 10:25:10 TRACE PerformanceMonitorInterceptor:66 - StopWatch 'com.pawan.choure.CompositeService.clearOTCMarkets': running time (millis) = 6916
2020-05-06 10:26:03 TRACE PerformanceMonitorInterceptor:66 - StopWatch 'com.pawan.choure.TestService.getOTCMarketsDummy': running time (millis) = 994
2020-05-06 10:26:03 TRACE PerformanceMonitorInterceptor:66 - StopWatch 'com.pawan.choure.CompositeService.getOTCMarkets': running time (millis) = 2572
2020-05-06 10:27:38 TRACE PerformanceMonitorInterceptor:66 - StopWatch 'com.pawan.choure.CompositeService.clearOTCMarkets': running time (millis) = 9
2020-05-06 10:28:00 TRACE PerformanceMonitorInterceptor:66 - StopWatch 'com.pawan.choure.TestService.getOTCMarketsDummy': running time (millis) = 831
2020-05-06 10:28:01 TRACE PerformanceMonitorInterceptor:66 - StopWatch 'com.pawan.choure.CompositeService.getOTCMarkets': running time (millis) = 4223
2020-05-06 10:28:16 TRACE PerformanceMonitorInterceptor:66 - StopWatch 'com.pawan.choure.CompositeService.clearOTCMarkets': running time (millis) = 4980
2020-06-05 12:07:14 TRACE PerformanceMonitorInterceptor:66 - StopWatch 'com.pawan.choure.TestService.getOTCMarketsDummy': running time (millis) = 47
2020-06-05 12:07:14 TRACE PerformanceMonitorInterceptor:66 - StopWatch 'com.pawan.choure.CompositeService.getOTCMarkets': running time (millis) = 266
2020-06-05 12:07:14 TRACE PerformanceMonitorInterceptor:66 - StopWatch 'com.pawan.choure.CompositeService.clearOTCMarkets': running time (millis) = 0
2020-06-05 12:07:14 TRACE PerformanceMonitorInterceptor:66 - StopWatch 'com.pawan.choure.TestService.getOTCMarketsDummy': running time (millis) = 0
2020-06-05 12:07:14 TRACE PerformanceMonitorInterceptor:66 - StopWatch 'com.pawan.choure.CompositeService.getOTCMarkets': running time (millis) = 0
2020-06-05 12:07:14 TRACE PerformanceMonitorInterceptor:66 - StopWatch 'com.pawan.choure.TestService.getOTCMarketsDummy': running time (millis) = 0
2020-06-05 12:07:14 TRACE PerformanceMonitorInterceptor:66 - StopWatch 'com.pawan.choure.CompositeService.getOTCMarkets': running time (millis) = 0
2020-11-17 20:45:52 TRACE PerformanceMonitorInterceptor:66 - StopWatch 'org.springframework.cache.interceptor.KeyGenerator.generate': running time (millis) = 1
2020-11-17 20:45:52 TRACE PerformanceMonitorInterceptor:66 - StopWatch 'com.pawan.choure.CompositeService.putComposite': running time (millis) = 16
2020-11-17 20:45:52 TRACE PerformanceMonitorInterceptor:66 - StopWatch 'org.springframework.cache.interceptor.KeyGenerator.generate': running time (millis) = 0
2020-11-17 20:45:52 TRACE PerformanceMonitorInterceptor:66 - StopWatch 'com.pawan.choure.CompositeService.putComposite': running time (millis) = 0
2020-11-17 20:45:52 TRACE PerformanceMonitorInterceptor:66 - StopWatch 'org.springframework.cache.interceptor.KeyGenerator.generate': running time (millis) = 0
2020-11-17 20:45:52 TRACE PerformanceMonitorInterceptor:66 - StopWatch 'com.pawan.choure.CompositeService.removeComposite': running time (millis) = 0
2020-11-17 20:45:52 TRACE PerformanceMonitorInterceptor:66 - StopWatch 'org.springframework.cache.interceptor.KeyGenerator.generate': running time (millis) = 0
2020-11-17 20:45:52 TRACE PerformanceMonitorInterceptor:66 - StopWatch 'com.pawan.choure.CompositeService.removeComposite': running time (millis) = 0
2020-11-17 20:45:52 TRACE PerformanceMonitorInterceptor:66 - StopWatch 'org.springframework.cache.interceptor.KeyGenerator.generate': running time (millis) = 0
2020-11-17 20:45:52 TRACE PerformanceMonitorInterceptor:66 - StopWatch 'org.springframework.cache.interceptor.KeyGenerator.generate': running time (millis) = 0
2020-11-17 20:45:52 TRACE PerformanceMonitorInterceptor:66 - StopWatch 'com.pawan.choure.CompositeService.getComposite': running time (millis) = 0
2020-11-17 20:45:52 TRACE PerformanceMonitorInterceptor:66 - StopWatch 'org.springframework.cache.interceptor.KeyGenerator.generate': running time (millis) = 0
2020-11-17 20:45:52 TRACE PerformanceMonitorInterceptor:66 - StopWatch 'org.springframework.cache.interceptor.KeyGenerator.generate': running time (millis) = 0
2020-11-17 20:45:52 TRACE PerformanceMonitorInterceptor:66 - StopWatch 'com.pawan.choure.CompositeService.getComposite': running time (millis) = 0
2020-11-17 20:45:52 TRACE PerformanceMonitorInterceptor:66 - StopWatch 'org.springframework.cache.interceptor.KeyGenerator.generate': running time (millis) = 0
2020-11-17 20:45:52 TRACE PerformanceMonitorInterceptor:66 - StopWatch 'com.pawan.choure.CompositeService.getComposite': running time (millis) = 0
2020-11-17 20:45:52 TRACE PerformanceMonitorInterceptor:66 - StopWatch 'org.springframework.cache.interceptor.KeyGenerator.generate': running time (millis) = 0
2020-11-17 20:45:52 TRACE PerformanceMonitorInterceptor:66 - StopWatch 'com.pawan.choure.CompositeService.getCompositeCheck': running time (millis) = 0
2020-11-17 20:45:52 TRACE PerformanceMonitorInterceptor:66 - StopWatch 'org.springframework.cache.interceptor.KeyGenerator.generate': running time (millis) = 0
2020-11-17 20:45:52 TRACE PerformanceMonitorInterceptor:66 - StopWatch 'org.springframework.cache.interceptor.KeyGenerator.generate': running time (millis) = 0
2020-11-17 20:45:52 TRACE PerformanceMonitorInterceptor:66 - StopWatch 'com.pawan.choure.CompositeService.getCompositeCheck': running time (millis) = 17
